<?xml version="1.0" encoding="UTF-8"?>
<testng-results skipped="0" failed="0" ignored="0" total="1" passed="1">
  <reporter-output>
  </reporter-output>
  <suite name="Default suite" duration-ms="16865" started-at="2018-04-09T14:11:27Z" finished-at="2018-04-09T14:11:44Z">
    <groups>
    </groups>
    <test name="Default test" duration-ms="16865" started-at="2018-04-09T14:11:27Z" finished-at="2018-04-09T14:11:44Z">
      <class name="Scripts.Script2">
        <test-method status="PASS" signature="loadSetUp()[pri:0, instance:Scripts.Script2@42dafa95]" name="loadSetUp" is-config="true" duration-ms="9416" started-at="2018-04-09T19:41:27Z" finished-at="2018-04-09T19:41:37Z">
          <reporter-output>
          </reporter-output>
        </test-method> <!-- loadSetUp -->
        <test-method status="PASS" signature="test2()[pri:0, instance:Scripts.Script2@42dafa95]" name="test2" duration-ms="7420" started-at="2018-04-09T19:41:37Z" finished-at="2018-04-09T19:41:44Z">
          <reporter-output>
          </reporter-output>
        </test-method> <!-- test2 -->
      </class> <!-- Scripts.Script2 -->
    </test> <!-- Default test -->
  </suite> <!-- Default suite -->
</testng-results>
